2019/03/18 18:58:12 Error : logs/error.log
2019/03/18 18:58:59 username is existed!
2019/03/18 18:59:02 username is existed!
2019/03/18 18:59:03 username is existed!
2019/03/18 18:59:03 username is existed!
2019/03/18 18:59:19 username is existed!
2019/03/18 18:59:20 username is existed!
2019/03/18 19:21:09 Invalid username
2019/03/18 19:21:12 Invalid username
2019/03/18 19:21:44 Invalid username
2019/03/18 19:37:17 json: cannot unmarshal number into Go struct field SignupModel.Gender of type bool
2019/03/18 19:38:09 json: cannot unmarshal number into Go struct field SignupModel.Gender of type bool
2019/03/18 19:38:17 json: cannot unmarshal number into Go struct field SignupModel.Gender of type bool
2019/03/18 19:38:23 json: cannot unmarshal number into Go struct field SignupModel.Gender of type bool
2019/03/18 19:38:58 json: cannot unmarshal number into Go struct field SignupModel.Gender of type bool
2019/03/18 19:44:19 username is existed
2019/03/18 19:48:32 username is existed
2019/03/18 19:48:35 username is existed
2019/03/19 00:56:16 unexpected end of JSON input
2019/03/19 00:56:31 unexpected end of JSON input
2019/03/19 00:57:20 unexpected end of JSON input
2019/03/19 00:57:20 unexpected end of JSON input
2019/03/19 00:57:20 unexpected end of JSON input
2019/03/19 00:57:20 unexpected end of JSON input
2019/03/19 00:57:56 unexpected end of JSON input
2019/03/19 01:00:08 unexpected end of JSON input
2019/03/19 01:00:17 unexpected end of JSON input
2019/03/19 01:01:51 unexpected end of JSON input
2019/03/19 01:01:56 unexpected end of JSON input
2019/03/19 01:06:10 unexpected end of JSON input
2019/03/19 01:06:23 unexpected end of JSON input
2019/03/19 18:19:48 unexpected end of JSON input
2019/03/19 18:19:54 unexpected end of JSON input
2019/03/19 18:20:11 unexpected end of JSON input
2019/03/19 18:35:23 unexpected end of JSON input
2019/03/19 22:54:25 unexpected end of JSON input
